Plugins:
Bundled analyzers:
  - JaCoCo 1.3.0.1538 (jacoco)
  - IaC Code Quality and Security 1.46.0.15097 (iac)
  - Text Code Quality and Security 2.21.1.5779 (text)
  - Clean as You Code 2.4.0.2018 (cayc)
Global server settings:
  - sonar.azureresourcemanager.file.suffixes=.bicep
  - sonar.core.id=147B411E-AZccXZahGtCTD_ycqOx9
  - sonar.core.startTime=2025-05-29T14:06:22+0000
  - sonar.cs.file.suffixes=.cs,.razor
  - sonar.css.file.suffixes=.css,.less,.scss,.sass
  - sonar.docker.file.patterns=Dockerfile,*.dockerfile
  - sonar.flex.file.suffixes=as
  - sonar.forceAuthentication=true
  - sonar.go.file.suffixes=.go
  - sonar.html.file.suffixes=.html,.xhtml,.cshtml,.vbhtml,.aspx,.ascx,.rhtml,.erb,.shtm,.shtml,.cmp,.twig
  - sonar.ipynb.file.suffixes=ipynb
  - sonar.java.file.suffixes=.java,.jav
  - sonar.java.jvmframeworkconfig.file.patterns=**/src/main/resources/**/*app*.properties,**/src/main/resources/**/*app*.yaml,**/src/main/resources/**/*app*.yml
  - sonar.javascript.file.suffixes=.js,.jsx,.cjs,.mjs,.vue
  - sonar.json.file.suffixes=.json
  - sonar.jsp.file.suffixes=.jsp,.jspf,.jspx
  - sonar.kotlin.file.suffixes=.kt,.kts
  - sonar.multi-quality-mode.enabled=true
  - sonar.php.file.suffixes=php,php3,php4,php5,phtml,inc
  - sonar.python.file.suffixes=py
  - sonar.qualityProfiles.allowDisableInheritedRules=true
  - sonar.ruby.file.suffixes=.rb
  - sonar.rust.file.suffixes=.rs
  - sonar.scala.file.suffixes=.scala
  - sonar.terraform.file.suffixes=.tf
  - sonar.typescript.file.suffixes=.ts,.tsx,.cts,.mts
  - sonar.vbnet.file.suffixes=.vb
  - sonar.xml.file.suffixes=.xml,.xsd,.xsl,.config
  - sonar.yaml.file.suffixes=.yaml,.yml
Project server settings:
Project scanner properties:
  - sonar.host.url=http://localhost:8094
  - sonar.java.binaries=target\classes
  - sonar.login=******
  - sonar.projectBaseDir=C:\Users\vijay\Desktop\jenkins stuff\Ekart-local
  - sonar.projectKey=shopping-cart
  - sonar.projectName=shopping-cart
  - sonar.scanner.apiBaseUrl=http://localhost:8094/api/v2
  - sonar.scanner.app=ScannerCLI
  - sonar.scanner.appVersion=7.1.0.4889
  - sonar.scanner.arch=amd64
  - sonar.scanner.bootstrapStartTime=1748529597415
  - sonar.scanner.home=C:\ProgramData\Jenkins\.jenkins\tools\hudson.plugins.sonar.SonarRunnerInstallation\sonar-scanner\bin\..
  - sonar.scanner.os=windows
  - sonar.scanner.truststorePassword=changeit
  - sonar.scanner.truststorePath=C:\Program Files\Java\jdk-17\lib\security\cacerts
  - sonar.scanner.wasEngineCacheHit=false
  - sonar.scanner.wasJreCacheHit=MISS
  - sonar.sources=src\main\java
  - sonar.token=******
  - sonar.verbose=true
  - sonar.working.directory=C:\Users\vijay\Desktop\jenkins stuff\Ekart-local\.scannerwork
